This is pdfTeX, Version 3.141592653-2.6-1.40.26 (TeX Live 2024) (preloaded format=latex 2024.6.12)  12 JUN 2024 15:01
entering extended mode
 restricted \write18 enabled.
 %&-line parsing enabled.
**c:/223337/sample.tex
(c:/223337/sample.tex
LaTeX2e <2024-06-01>
L3 programming layer <2024-05-27>
(c:/texlive/2024/texmf-dist/tex/latex/base/article.cls
Document Class: article 2024/02/08 v1.4n Standard LaTeX document class
(c:/texlive/2024/texmf-dist/tex/latex/base/size10.clo
File: size10.clo 2024/02/08 v1.4n Standard LaTeX file (size option)
)
\c@part=\count194
\c@section=\count195
\c@subsection=\count196
\c@subsubsection=\count197
\c@paragraph=\count198
\c@subparagraph=\count199
\c@figure=\count266
\c@table=\count267
\abovecaptionskip=\skip49
\belowcaptionskip=\skip50
\bibindent=\dimen141
) (c:/texlive/2024/texmf-dist/tex/latex/base/inputenc.sty
Package: inputenc 2024/02/08 v1.3d Input encoding file
\inpenc@prehook=\toks17
\inpenc@posthook=\toks18
) (c:/texlive/2024/texmf-dist/tex/latex/l3backend/l3backend-dvips.def
File: l3backend-dvips.def 2024-05-08 L3 backend support: dvips
\l__pdf_internal_box=\box52
\l__pdf_backend_content_box=\box53
\l__pdf_backend_model_box=\box54
\g__pdf_backend_annotation_int=\count268
\g__pdf_backend_link_int=\count269
\g__pdf_backend_link_sf_int=\count270
)
No file sample.aux.
\openout1 = `sample.aux'.

LaTeX Font Info:    Checking defaults for OML/cmm/m/it on input line 6.
LaTeX Font Info:    ... okay on input line 6.
LaTeX Font Info:    Checking defaults for OMS/cmsy/m/n on input line 6.
LaTeX Font Info:    ... okay on input line 6.
LaTeX Font Info:    Checking defaults for OT1/cmr/m/n on input line 6.
LaTeX Font Info:    ... okay on input line 6.
LaTeX Font Info:    Checking defaults for T1/cmr/m/n on input line 6.
LaTeX Font Info:    ... okay on input line 6.
LaTeX Font Info:    Checking defaults for TS1/cmr/m/n on input line 6.
LaTeX Font Info:    ... okay on input line 6.
LaTeX Font Info:    Checking defaults for OMX/cmex/m/n on input line 6.
LaTeX Font Info:    ... okay on input line 6.
LaTeX Font Info:    Checking defaults for U/cmr/m/n on input line 6.
LaTeX Font Info:    ... okay on input line 6.

! LaTeX Error: Unicode character ã‚µ (U+30B5)
               not set up for use with LaTeX.

See the LaTeX manual or LaTeX Companion for explanation.
Type  H <return>  for immediate help.
 ...                                              
                                                  
l.7 \maketitle
              
You may provide a definition with
\DeclareUnicodeCharacter 


! LaTeX Error: Unicode character ãƒ³ (U+30F3)
               not set up for use with LaTeX.

See the LaTeX manual or LaTeX Companion for explanation.
Type  H <return>  for immediate help.
 ...                                              
                                                  
l.7 \maketitle
              
You may provide a definition with
\DeclareUnicodeCharacter 


! LaTeX Error: Unicode character ãƒ— (U+30D7)
               not set up for use with LaTeX.

See the LaTeX manual or LaTeX Companion for explanation.
Type  H <return>  for immediate help.
 ...                                              
                                                  
l.7 \maketitle
              
You may provide a definition with
\DeclareUnicodeCharacter 


! LaTeX Error: Unicode character ãƒ« (U+30EB)
               not set up for use with LaTeX.

See the LaTeX manual or LaTeX Companion for explanation.
Type  H <return>  for immediate help.
 ...                                              
                                                  
l.7 \maketitle
              
You may provide a definition with
\DeclareUnicodeCharacter 


! LaTeX Error: Unicode character ãƒ¬ (U+30EC)
               not set up for use with LaTeX.

See the LaTeX manual or LaTeX Companion for explanation.
Type  H <return>  for immediate help.
 ...                                              
                                                  
l.7 \maketitle
              
You may provide a definition with
\DeclareUnicodeCharacter 


! LaTeX Error: Unicode character ãƒ (U+30DD)
               not set up for use with LaTeX.

See the LaTeX manual or LaTeX Companion for explanation.
Type  H <return>  for immediate help.
 ...                                              
                                                  
l.7 \maketitle
              
You may provide a definition with
\DeclareUnicodeCharacter 


! LaTeX Error: Unicode character ãƒ¼ (U+30FC)
               not set up for use with LaTeX.

See the LaTeX manual or LaTeX Companion for explanation.
Type  H <return>  for immediate help.
 ...                                              
                                                  
l.7 \maketitle
              
You may provide a definition with
\DeclareUnicodeCharacter 


! LaTeX Error: Unicode character ãƒˆ (U+30C8)
               not set up for use with LaTeX.

See the LaTeX manual or LaTeX Companion for explanation.
Type  H <return>  for immediate help.
 ...                                              
                                                  
l.7 \maketitle
              
You may provide a definition with
\DeclareUnicodeCharacter 

LaTeX Font Info:    External font `cmex10' loaded for size
(Font)              <12> on input line 7.
LaTeX Font Info:    External font `cmex10' loaded for size
(Font)              <8> on input line 7.
LaTeX Font Info:    External font `cmex10' loaded for size
(Font)              <6> on input line 7.

! LaTeX Error: Unicode character ã‚ (U+3042)
               not set up for use with LaTeX.

See the LaTeX manual or LaTeX Companion for explanation.
Type  H <return>  for immediate help.
 ...                                              
                                                  
l.7 \maketitle
              
You may provide a definition with
\DeclareUnicodeCharacter 


! LaTeX Error: Unicode character ãª (U+306A)
               not set up for use with LaTeX.

See the LaTeX manual or LaTeX Companion for explanation.
Type  H <return>  for immediate help.
 ...                                              
                                                  
l.7 \maketitle
              
You may provide a definition with
\DeclareUnicodeCharacter 


! LaTeX Error: Unicode character ãŸ (U+305F)
               not set up for use with LaTeX.

See the LaTeX manual or LaTeX Companion for explanation.
Type  H <return>  for immediate help.
 ...                                              
                                                  
l.7 \maketitle
              
You may provide a definition with
\DeclareUnicodeCharacter 


! LaTeX Error: Unicode character ã® (U+306E)
               not set up for use with LaTeX.

See the LaTeX manual or LaTeX Companion for explanation.
Type  H <return>  for immediate help.
 ...                                              
                                                  
l.7 \maketitle
              
You may provide a definition with
\DeclareUnicodeCharacter 


! LaTeX Error: Unicode character å (U+540D)
               not set up for use with LaTeX.

See the LaTeX manual or LaTeX Companion for explanation.
Type  H <return>  for immediate help.
 ...                                              
                                                  
l.7 \maketitle
              
You may provide a definition with
\DeclareUnicodeCharacter 


! LaTeX Error: Unicode character å‰ (U+524D)
               not set up for use with LaTeX.

See the LaTeX manual or LaTeX Companion for explanation.
Type  H <return>  for immediate help.
 ...                                              
                                                  
l.7 \maketitle
              
You may provide a definition with
\DeclareUnicodeCharacter 


! LaTeX Error: Unicode character ã¯ (U+306F)
               not set up for use with LaTeX.

See the LaTeX manual or LaTeX Companion for explanation.
Type  H <return>  for immediate help.
 ...                                              
                                                  
l.8 \section{ã¯ã˜ã‚ã«}
                          
You may provide a definition with
\DeclareUnicodeCharacter 


! LaTeX Error: Unicode character ã˜ (U+3058)
               not set up for use with LaTeX.

See the LaTeX manual or LaTeX Companion for explanation.
Type  H <return>  for immediate help.
 ...                                              
                                                  
l.8 \section{ã¯ã˜ã‚ã«}
                          
You may provide a definition with
\DeclareUnicodeCharacter 


! LaTeX Error: Unicode character ã‚ (U+3081)
               not set up for use with LaTeX.

See the LaTeX manual or LaTeX Companion for explanation.
Type  H <return>  for immediate help.
 ...                                              
                                                  
l.8 \section{ã¯ã˜ã‚ã«}
                          
You may provide a definition with
\DeclareUnicodeCharacter 


! LaTeX Error: Unicode character ã« (U+306B)
               not set up for use with LaTeX.

See the LaTeX manual or LaTeX Companion for explanation.
Type  H <return>  for immediate help.
 ...                                              
                                                  
l.8 \section{ã¯ã˜ã‚ã«}
                          
You may provide a definition with
\DeclareUnicodeCharacter 


! LaTeX Error: Unicode character ã“ (U+3053)
               not set up for use with LaTeX.

See the LaTeX manual or LaTeX Companion for explanation.
Type  H <return>  for immediate help.
 ...                                              
                                                  
l.9 ã“
       ã‚Œã¯LaTeXã®ã‚µãƒ³ãƒ—ãƒ«æ–‡æ›¸ã§ã™ã€‚æ–‡ç« ã‚’è‡ªç”±ã«è¿½åŠ ãƒ»ç...
You may provide a definition with
\DeclareUnicodeCharacter 


! LaTeX Error: Unicode character ã‚Œ (U+308C)
               not set up for use with LaTeX.

See the LaTeX manual or LaTeX Companion for explanation.
Type  H <return>  for immediate help.
 ...                                              
                                                  
l.9 ã“ã‚Œ
          ã¯LaTeXã®ã‚µãƒ³ãƒ—ãƒ«æ–‡æ›¸ã§ã™ã€‚æ–‡ç« ã‚’è‡ªç”±ã«è¿½åŠ ãƒ»ç...
You may provide a definition with
\DeclareUnicodeCharacter 


! LaTeX Error: Unicode character ã¯ (U+306F)
               not set up for use with LaTeX.

See the LaTeX manual or LaTeX Companion for explanation.
Type  H <return>  for immediate help.
 ...                                              
                                                  
l.9 ã“ã‚Œã¯
             LaTeXã®ã‚µãƒ³ãƒ—ãƒ«æ–‡æ›¸ã§ã™ã€‚æ–‡ç« ã‚’è‡ªç”±ã«è¿½åŠ ãƒ»ç...
You may provide a definition with
\DeclareUnicodeCharacter 


! LaTeX Error: Unicode character ã® (U+306E)
               not set up for use with LaTeX.

See the LaTeX manual or LaTeX Companion for explanation.
Type  H <return>  for immediate help.
 ...                                              
                                                  
l.9 ã“ã‚Œã¯LaTeXã®
                     ã‚µãƒ³ãƒ—ãƒ«æ–‡æ›¸ã§ã™ã€‚æ–‡ç« ã‚’è‡ªç”±ã«è¿½åŠ ãƒ»ç...
You may provide a definition with
\DeclareUnicodeCharacter 


! LaTeX Error: Unicode character ã‚µ (U+30B5)
               not set up for use with LaTeX.

See the LaTeX manual or LaTeX Companion for explanation.
Type  H <return>  for immediate help.
 ...                                              
                                                  
l.9 ã“ã‚Œã¯LaTeXã®ã‚µ
                        ãƒ³ãƒ—ãƒ«æ–‡æ›¸ã§ã™ã€‚æ–‡ç« ã‚’è‡ªç”±ã«è¿½åŠ ãƒ»ç...
You may provide a definition with
\DeclareUnicodeCharacter 


! LaTeX Error: Unicode character ãƒ³ (U+30F3)
               not set up for use with LaTeX.

See the LaTeX manual or LaTeX Companion for explanation.
Type  H <return>  for immediate help.
 ...                                              
                                                  
l.9 ã“ã‚Œã¯LaTeXã®ã‚µãƒ³
                           ãƒ—ãƒ«æ–‡æ›¸ã§ã™ã€‚æ–‡ç« ã‚’è‡ªç”±ã«è¿½åŠ ãƒ»ç...
You may provide a definition with
\DeclareUnicodeCharacter 


! LaTeX Error: Unicode character ãƒ— (U+30D7)
               not set up for use with LaTeX.

See the LaTeX manual or LaTeX Companion for explanation.
Type  H <return>  for immediate help.
 ...                                              
                                                  
l.9 ã“ã‚Œã¯LaTeXã®ã‚µãƒ³ãƒ—
                              ãƒ«æ–‡æ›¸ã§ã™ã€‚æ–‡ç« ã‚’è‡ªç”±ã«è¿½åŠ ãƒ»ç...
You may provide a definition with
\DeclareUnicodeCharacter 


! LaTeX Error: Unicode character ãƒ« (U+30EB)
               not set up for use with LaTeX.

See the LaTeX manual or LaTeX Companion for explanation.
Type  H <return>  for immediate help.
 ...                                              
                                                  
l.9 ã“ã‚Œã¯LaTeXã®ã‚µãƒ³ãƒ—ãƒ«
                                 æ–‡æ›¸ã§ã™ã€‚æ–‡ç« ã‚’è‡ªç”±ã«è¿½åŠ ãƒ»ç...
You may provide a definition with
\DeclareUnicodeCharacter 


! LaTeX Error: Unicode character æ–‡ (U+6587)
               not set up for use with LaTeX.

See the LaTeX manual or LaTeX Companion for explanation.
Type  H <return>  for immediate help.
 ...                                              
                                                  
l.9 ã“ã‚Œã¯LaTeXã®ã‚µãƒ³ãƒ—ãƒ«æ–‡
                                    æ›¸ã§ã™ã€‚æ–‡ç« ã‚’è‡ªç”±ã«è¿½åŠ ãƒ»ç...
You may provide a definition with
\DeclareUnicodeCharacter 


! LaTeX Error: Unicode character æ›¸ (U+66F8)
               not set up for use with LaTeX.

See the LaTeX manual or LaTeX Companion for explanation.
Type  H <return>  for immediate help.
 ...                                              
                                                  
l.9 ã“ã‚Œã¯LaTeXã®ã‚µãƒ³ãƒ—ãƒ«æ–‡æ›¸
                                       ã§ã™ã€‚æ–‡ç« ã‚’è‡ªç”±ã«è¿½åŠ ãƒ»ç...
You may provide a definition with
\DeclareUnicodeCharacter 


! LaTeX Error: Unicode character ã§ (U+3067)
               not set up for use with LaTeX.

See the LaTeX manual or LaTeX Companion for explanation.
Type  H <return>  for immediate help.
 ...                                              
                                                  
l.9 ã“ã‚Œã¯LaTeXã®ã‚µãƒ³ãƒ—ãƒ«æ–‡æ›¸ã§
                                          ã™ã€‚æ–‡ç« ã‚’è‡ªç”±ã«è¿½åŠ ãƒ»ç...
You may provide a definition with
\DeclareUnicodeCharacter 


! LaTeX Error: Unicode character ã™ (U+3059)
               not set up for use with LaTeX.

See the LaTeX manual or LaTeX Companion for explanation.
Type  H <return>  for immediate help.
 ...                                              
                                                  
l.9 ã“ã‚Œã¯LaTeXã®ã‚µãƒ³ãƒ—ãƒ«æ–‡æ›¸ã§ã™
                                             ã€‚æ–‡ç« ã‚’è‡ªç”±ã«è¿½åŠ ãƒ»ç...
You may provide a definition with
\DeclareUnicodeCharacter 


! LaTeX Error: Unicode character ã€‚ (U+3002)
               not set up for use with LaTeX.

See the LaTeX manual or LaTeX Companion for explanation.
Type  H <return>  for immediate help.
 ...                                              
                                                  
l.9 ã“ã‚Œã¯LaTeXã®ã‚µãƒ³ãƒ—ãƒ«æ–‡æ›¸ã§ã™ã€‚
                                                æ–‡ç« ã‚’è‡ªç”±ã«è¿½åŠ ãƒ»ç...
You may provide a definition with
\DeclareUnicodeCharacter 


! LaTeX Error: Unicode character æ–‡ (U+6587)
               not set up for use with LaTeX.

See the LaTeX manual or LaTeX Companion for explanation.
Type  H <return>  for immediate help.
 ...                                              
                                                  
l.9 ...‚Œã¯LaTeXã®ã‚µãƒ³ãƒ—ãƒ«æ–‡æ›¸ã§ã™ã€‚æ–‡
                                                  ç« ã‚’è‡ªç”±ã«è¿½åŠ ãƒ»ç·...
You may provide a definition with
\DeclareUnicodeCharacter 


! LaTeX Error: Unicode character ç«  (U+7AE0)
               not set up for use with LaTeX.

See the LaTeX manual or LaTeX Companion for explanation.
Type  H <return>  for immediate help.
 ...                                              
                                                  
l.9 ...¯LaTeXã®ã‚µãƒ³ãƒ—ãƒ«æ–‡æ›¸ã§ã™ã€‚æ–‡ç« 
                                                  ã‚’è‡ªç”±ã«è¿½åŠ ãƒ»ç·¨é›...
You may provide a definition with
\DeclareUnicodeCharacter 


! LaTeX Error: Unicode character ã‚’ (U+3092)
               not set up for use with LaTeX.

See the LaTeX manual or LaTeX Companion for explanation.
Type  H <return>  for immediate help.
 ...                                              
                                                  
l.9 ...aTeXã®ã‚µãƒ³ãƒ—ãƒ«æ–‡æ›¸ã§ã™ã€‚æ–‡ç« ã‚’
                                                  è‡ªç”±ã«è¿½åŠ ãƒ»ç·¨é›†ã...
You may provide a definition with
\DeclareUnicodeCharacter 


! LaTeX Error: Unicode character è‡ª (U+81EA)
               not set up for use with LaTeX.

See the LaTeX manual or LaTeX Companion for explanation.
Type  H <return>  for immediate help.
 ...                                              
                                                  
l.9 ...Xã®ã‚µãƒ³ãƒ—ãƒ«æ–‡æ›¸ã§ã™ã€‚æ–‡ç« ã‚’è‡ª
                                                  ç”±ã«è¿½åŠ ãƒ»ç·¨é›†ã—ã...
You may provide a definition with
\DeclareUnicodeCharacter 


! LaTeX Error: Unicode character ç”± (U+7531)
               not set up for use with LaTeX.

See the LaTeX manual or LaTeX Companion for explanation.
Type  H <return>  for immediate help.
 ...                                              
                                                  
l.9 ...®ã‚µãƒ³ãƒ—ãƒ«æ–‡æ›¸ã§ã™ã€‚æ–‡ç« ã‚’è‡ªç”±
                                                  ã«è¿½åŠ ãƒ»ç·¨é›†ã—ã¦ã...
You may provide a definition with
\DeclareUnicodeCharacter 


! LaTeX Error: Unicode character ã« (U+306B)
               not set up for use with LaTeX.

See the LaTeX manual or LaTeX Companion for explanation.
Type  H <return>  for immediate help.
 ...                                              
                                                  
l.9 ...µãƒ³ãƒ—ãƒ«æ–‡æ›¸ã§ã™ã€‚æ–‡ç« ã‚’è‡ªç”±ã«
                                                  è¿½åŠ ãƒ»ç·¨é›†ã—ã¦ãã...
You may provide a definition with
\DeclareUnicodeCharacter 


! LaTeX Error: Unicode character è¿½ (U+8FFD)
               not set up for use with LaTeX.

See the LaTeX manual or LaTeX Companion for explanation.
Type  H <return>  for immediate help.
 ...                                              
                                                  
l.9 ...³ãƒ—ãƒ«æ–‡æ›¸ã§ã™ã€‚æ–‡ç« ã‚’è‡ªç”±ã«è¿½
                                                  åŠ ãƒ»ç·¨é›†ã—ã¦ãã ã...
You may provide a definition with
\DeclareUnicodeCharacter 


! LaTeX Error: Unicode character åŠ  (U+52A0)
               not set up for use with LaTeX.

See the LaTeX manual or LaTeX Companion for explanation.
Type  H <return>  for immediate help.
 ...                                              
                                                  
l.9 ...—ãƒ«æ–‡æ›¸ã§ã™ã€‚æ–‡ç« ã‚’è‡ªç”±ã«è¿½åŠ 
                                                  ãƒ»ç·¨é›†ã—ã¦ãã ã•ã...
You may provide a definition with
\DeclareUnicodeCharacter 


! LaTeX Error: Unicode character ãƒ» (U+30FB)
               not set up for use with LaTeX.

See the LaTeX manual or LaTeX Companion for explanation.
Type  H <return>  for immediate help.
 ...                                              
                                                  
l.9 ...«æ–‡æ›¸ã§ã™ã€‚æ–‡ç« ã‚’è‡ªç”±ã«è¿½åŠ ãƒ»
                                                  ç·¨é›†ã—ã¦ãã ã•ã„ã€‚
You may provide a definition with
\DeclareUnicodeCharacter 


! LaTeX Error: Unicode character ç·¨ (U+7DE8)
               not set up for use with LaTeX.

See the LaTeX manual or LaTeX Companion for explanation.
Type  H <return>  for immediate help.
 ...                                              
                                                  
l.9 ...‡æ›¸ã§ã™ã€‚æ–‡ç« ã‚’è‡ªç”±ã«è¿½åŠ ãƒ»ç·¨
                                                  é›†ã—ã¦ãã ã•ã„ã€‚
You may provide a definition with
\DeclareUnicodeCharacter 


! LaTeX Error: Unicode character é›† (U+96C6)
               not set up for use with LaTeX.

See the LaTeX manual or LaTeX Companion for explanation.
Type  H <return>  for immediate help.
 ...                                              
                                                  
l.9 ...¸ã§ã™ã€‚æ–‡ç« ã‚’è‡ªç”±ã«è¿½åŠ ãƒ»ç·¨é›†
                                                  ã—ã¦ãã ã•ã„ã€‚
You may provide a definition with
\DeclareUnicodeCharacter 


! LaTeX Error: Unicode character ã— (U+3057)
               not set up for use with LaTeX.

See the LaTeX manual or LaTeX Companion for explanation.
Type  H <return>  for immediate help.
 ...                                              
                                                  
l.9 ...§ã™ã€‚æ–‡ç« ã‚’è‡ªç”±ã«è¿½åŠ ãƒ»ç·¨é›†ã—
                                                  ã¦ãã ã•ã„ã€‚
You may provide a definition with
\DeclareUnicodeCharacter 


! LaTeX Error: Unicode character ã¦ (U+3066)
               not set up for use with LaTeX.

See the LaTeX manual or LaTeX Companion for explanation.
Type  H <return>  for immediate help.
 ...                                              
                                                  
l.9 ...™ã€‚æ–‡ç« ã‚’è‡ªç”±ã«è¿½åŠ ãƒ»ç·¨é›†ã—ã¦
                                                  ãã ã•ã„ã€‚
You may provide a definition with
\DeclareUnicodeCharacter 


! LaTeX Error: Unicode character ã (U+304F)
               not set up for use with LaTeX.

See the LaTeX manual or LaTeX Companion for explanation.
Type  H <return>  for immediate help.
 ...                                              
                                                  
l.9 ...‚æ–‡ç« ã‚’è‡ªç”±ã«è¿½åŠ ãƒ»ç·¨é›†ã—ã¦ã
                                                  ã ã•ã„ã€‚
You may provide a definition with
\DeclareUnicodeCharacter 


! LaTeX Error: Unicode character ã  (U+3060)
               not set up for use with LaTeX.

See the LaTeX manual or LaTeX Companion for explanation.
Type  H <return>  for immediate help.
 ...                                              
                                                  
l.9 ...‡ç« ã‚’è‡ªç”±ã«è¿½åŠ ãƒ»ç·¨é›†ã—ã¦ãã 
                                                  ã•ã„ã€‚
You may provide a definition with
\DeclareUnicodeCharacter 


! LaTeX Error: Unicode character ã• (U+3055)
               not set up for use with LaTeX.

See the LaTeX manual or LaTeX Companion for explanation.
Type  H <return>  for immediate help.
 ...                                              
                                                  
l.9 ... ã‚’è‡ªç”±ã«è¿½åŠ ãƒ»ç·¨é›†ã—ã¦ãã ã•
                                                  ã„ã€‚
You may provide a definition with
\DeclareUnicodeCharacter 


! LaTeX Error: Unicode character ã„ (U+3044)
               not set up for use with LaTeX.

See the LaTeX manual or LaTeX Companion for explanation.
Type  H <return>  for immediate help.
 ...                                              
                                                  
l.9 ...’è‡ªç”±ã«è¿½åŠ ãƒ»ç·¨é›†ã—ã¦ãã ã•ã„
                                                  ã€‚
You may provide a definition with
\DeclareUnicodeCharacter 


! LaTeX Error: Unicode character ã€‚ (U+3002)
               not set up for use with LaTeX.

See the LaTeX manual or LaTeX Companion for explanation.
Type  H <return>  for immediate help.
 ...                                              
                                                  
l.9 ...ªç”±ã«è¿½åŠ ãƒ»ç·¨é›†ã—ã¦ãã ã•ã„ã€‚
                                                  
You may provide a definition with
\DeclareUnicodeCharacter 


! LaTeX Error: Unicode character å†… (U+5185)
               not set up for use with LaTeX.

See the LaTeX manual or LaTeX Companion for explanation.
Type  H <return>  for immediate help.
 ...                                              
                                                  
l.10 \section{å†…å®¹}
                     
You may provide a definition with
\DeclareUnicodeCharacter 


! LaTeX Error: Unicode character å®¹ (U+5BB9)
               not set up for use with LaTeX.

See the LaTeX manual or LaTeX Companion for explanation.
Type  H <return>  for immediate help.
 ...                                              
                                                  
l.10 \section{å†…å®¹}
                     
You may provide a definition with
\DeclareUnicodeCharacter 

LaTeX Font Info:    External font `cmex10' loaded for size
(Font)              <7> on input line 11.
LaTeX Font Info:    External font `cmex10' loaded for size
(Font)              <5> on input line 11.

! LaTeX Error: Unicode character ã¯ (U+306F)
               not set up for use with LaTeX.

See the LaTeX manual or LaTeX Companion for explanation.
Type  H <return>  for immediate help.
 ...                                              
                                                  
l.11 \LaTeX ã¯
               æ–‡ç« ã‚„ãƒ¬ãƒãƒ¼ãƒˆã®ä½œæˆã«ä¾¿åˆ©ã§ã™ã€‚æ•°å¼ã‚‚ç°¡å...
You may provide a definition with
\DeclareUnicodeCharacter 


! LaTeX Error: Unicode character æ–‡ (U+6587)
               not set up for use with LaTeX.

See the LaTeX manual or LaTeX Companion for explanation.
Type  H <return>  for immediate help.
 ...                                              
                                                  
l.11 \LaTeX ã¯æ–‡
                  ç« ã‚„ãƒ¬ãƒãƒ¼ãƒˆã®ä½œæˆã«ä¾¿åˆ©ã§ã™ã€‚æ•°å¼ã‚‚ç°¡å...
You may provide a definition with
\DeclareUnicodeCharacter 


! LaTeX Error: Unicode character ç«  (U+7AE0)
               not set up for use with LaTeX.

See the LaTeX manual or LaTeX Companion for explanation.
Type  H <return>  for immediate help.
 ...                                              
                                                  
l.11 \LaTeX ã¯æ–‡ç« 
                     ã‚„ãƒ¬ãƒãƒ¼ãƒˆã®ä½œæˆã«ä¾¿åˆ©ã§ã™ã€‚æ•°å¼ã‚‚ç°¡å...
You may provide a definition with
\DeclareUnicodeCharacter 


! LaTeX Error: Unicode character ã‚„ (U+3084)
               not set up for use with LaTeX.

See the LaTeX manual or LaTeX Companion for explanation.
Type  H <return>  for immediate help.
 ...                                              
                                                  
l.11 \LaTeX ã¯æ–‡ç« ã‚„
                        ãƒ¬ãƒãƒ¼ãƒˆã®ä½œæˆã«ä¾¿åˆ©ã§ã™ã€‚æ•°å¼ã‚‚ç°¡å...
You may provide a definition with
\DeclareUnicodeCharacter 


! LaTeX Error: Unicode character ãƒ¬ (U+30EC)
               not set up for use with LaTeX.

See the LaTeX manual or LaTeX Companion for explanation.
Type  H <return>  for immediate help.
 ...                                              
                                                  
l.11 \LaTeX ã¯æ–‡ç« ã‚„ãƒ¬
                           ãƒãƒ¼ãƒˆã®ä½œæˆã«ä¾¿åˆ©ã§ã™ã€‚æ•°å¼ã‚‚ç°¡å...
You may provide a definition with
\DeclareUnicodeCharacter 


! LaTeX Error: Unicode character ãƒ (U+30DD)
               not set up for use with LaTeX.

See the LaTeX manual or LaTeX Companion for explanation.
Type  H <return>  for immediate help.
 ...                                              
                                                  
l.11 \LaTeX ã¯æ–‡ç« ã‚„ãƒ¬ãƒ
                              ãƒ¼ãƒˆã®ä½œæˆã«ä¾¿åˆ©ã§ã™ã€‚æ•°å¼ã‚‚ç°¡å...
You may provide a definition with
\DeclareUnicodeCharacter 


! LaTeX Error: Unicode character ãƒ¼ (U+30FC)
               not set up for use with LaTeX.

See the LaTeX manual or LaTeX Companion for explanation.
Type  H <return>  for immediate help.
 ...                                              
                                                  
l.11 \LaTeX ã¯æ–‡ç« ã‚„ãƒ¬ãƒãƒ¼
                                 ãƒˆã®ä½œæˆã«ä¾¿åˆ©ã§ã™ã€‚æ•°å¼ã‚‚ç°¡å...
You may provide a definition with
\DeclareUnicodeCharacter 


! LaTeX Error: Unicode character ãƒˆ (U+30C8)
               not set up for use with LaTeX.

See the LaTeX manual or LaTeX Companion for explanation.
Type  H <return>  for immediate help.
 ...                                              
                                                  
l.11 \LaTeX ã¯æ–‡ç« ã‚„ãƒ¬ãƒãƒ¼ãƒˆ
                                    ã®ä½œæˆã«ä¾¿åˆ©ã§ã™ã€‚æ•°å¼ã‚‚ç°¡å...
You may provide a definition with
\DeclareUnicodeCharacter 


! LaTeX Error: Unicode character ã® (U+306E)
               not set up for use with LaTeX.

See the LaTeX manual or LaTeX Companion for explanation.
Type  H <return>  for immediate help.
 ...                                              
                                                  
l.11 \LaTeX ã¯æ–‡ç« ã‚„ãƒ¬ãƒãƒ¼ãƒˆã®
                                       ä½œæˆã«ä¾¿åˆ©ã§ã™ã€‚æ•°å¼ã‚‚ç°¡å...
You may provide a definition with
\DeclareUnicodeCharacter 


! LaTeX Error: Unicode character ä½œ (U+4F5C)
               not set up for use with LaTeX.

See the LaTeX manual or LaTeX Companion for explanation.
Type  H <return>  for immediate help.
 ...                                              
                                                  
l.11 \LaTeX ã¯æ–‡ç« ã‚„ãƒ¬ãƒãƒ¼ãƒˆã®ä½œ
                                          æˆã«ä¾¿åˆ©ã§ã™ã€‚æ•°å¼ã‚‚ç°¡å...
You may provide a definition with
\DeclareUnicodeCharacter 


! LaTeX Error: Unicode character æˆ (U+6210)
               not set up for use with LaTeX.

See the LaTeX manual or LaTeX Companion for explanation.
Type  H <return>  for immediate help.
 ...                                              
                                                  
l.11 \LaTeX ã¯æ–‡ç« ã‚„ãƒ¬ãƒãƒ¼ãƒˆã®ä½œæˆ
                                             ã«ä¾¿åˆ©ã§ã™ã€‚æ•°å¼ã‚‚ç°¡å...
You may provide a definition with
\DeclareUnicodeCharacter 


! LaTeX Error: Unicode character ã« (U+306B)
               not set up for use with LaTeX.

See the LaTeX manual or LaTeX Companion for explanation.
Type  H <return>  for immediate help.
 ...                                              
                                                  
l.11 \LaTeX ã¯æ–‡ç« ã‚„ãƒ¬ãƒãƒ¼ãƒˆã®ä½œæˆã«
                                                ä¾¿åˆ©ã§ã™ã€‚æ•°å¼ã‚‚ç°¡å...
You may provide a definition with
\DeclareUnicodeCharacter 


! LaTeX Error: Unicode character ä¾¿ (U+4FBF)
               not set up for use with LaTeX.

See the LaTeX manual or LaTeX Companion for explanation.
Type  H <return>  for immediate help.
 ...                                              
                                                  
l.11 ...eX ã¯æ–‡ç« ã‚„ãƒ¬ãƒãƒ¼ãƒˆã®ä½œæˆã«ä¾¿
                                                  åˆ©ã§ã™ã€‚æ•°å¼ã‚‚ç°¡å...
You may provide a definition with
\DeclareUnicodeCharacter 


! LaTeX Error: Unicode character åˆ© (U+5229)
               not set up for use with LaTeX.

See the LaTeX manual or LaTeX Companion for explanation.
Type  H <return>  for immediate help.
 ...                                              
                                                  
l.11 ...ã¯æ–‡ç« ã‚„ãƒ¬ãƒãƒ¼ãƒˆã®ä½œæˆã«ä¾¿åˆ©
                                                  ã§ã™ã€‚æ•°å¼ã‚‚ç°¡å˜ã...
You may provide a definition with
\DeclareUnicodeCharacter 


! LaTeX Error: Unicode character ã§ (U+3067)
               not set up for use with LaTeX.

See the LaTeX manual or LaTeX Companion for explanation.
Type  H <return>  for immediate help.
 ...                                              
                                                  
l.11 ...æ–‡ç« ã‚„ãƒ¬ãƒãƒ¼ãƒˆã®ä½œæˆã«ä¾¿åˆ©ã§
                                                  ã™ã€‚æ•°å¼ã‚‚ç°¡å˜ã«æŒ...
You may provide a definition with
\DeclareUnicodeCharacter 


! LaTeX Error: Unicode character ã™ (U+3059)
               not set up for use with LaTeX.

See the LaTeX manual or LaTeX Companion for explanation.
Type  H <return>  for immediate help.
 ...                                              
                                                  
l.11 ...ç« ã‚„ãƒ¬ãƒãƒ¼ãƒˆã®ä½œæˆã«ä¾¿åˆ©ã§ã™
                                                  ã€‚æ•°å¼ã‚‚ç°¡å˜ã«æŒ¿å…...
You may provide a definition with
\DeclareUnicodeCharacter 


! LaTeX Error: Unicode character ã€‚ (U+3002)
               not set up for use with LaTeX.

See the LaTeX manual or LaTeX Companion for explanation.
Type  H <return>  for immediate help.
 ...                                              
                                                  
l.11 ...ã‚„ãƒ¬ãƒãƒ¼ãƒˆã®ä½œæˆã«ä¾¿åˆ©ã§ã™ã€‚
                                                  æ•°å¼ã‚‚ç°¡å˜ã«æŒ¿å…¥ã...
You may provide a definition with
\DeclareUnicodeCharacter 


! LaTeX Error: Unicode character æ•° (U+6570)
               not set up for use with LaTeX.

See the LaTeX manual or LaTeX Companion for explanation.
Type  H <return>  for immediate help.
 ...                                              
                                                  
l.11 ...ãƒ¬ãƒãƒ¼ãƒˆã®ä½œæˆã«ä¾¿åˆ©ã§ã™ã€‚æ•°
                                                  å¼ã‚‚ç°¡å˜ã«æŒ¿å…¥ã§ã...
You may provide a definition with
\DeclareUnicodeCharacter 


! LaTeX Error: Unicode character å¼ (U+5F0F)
               not set up for use with LaTeX.

See the LaTeX manual or LaTeX Companion for explanation.
Type  H <return>  for immediate help.
 ...                                              
                                                  
l.11 ...ãƒãƒ¼ãƒˆã®ä½œæˆã«ä¾¿åˆ©ã§ã™ã€‚æ•°å¼
                                                  ã‚‚ç°¡å˜ã«æŒ¿å…¥ã§ãã...
You may provide a definition with
\DeclareUnicodeCharacter 


! LaTeX Error: Unicode character ã‚‚ (U+3082)
               not set up for use with LaTeX.

See the LaTeX manual or LaTeX Companion for explanation.
Type  H <return>  for immediate help.
 ...                                              
                                                  
l.11 ...ãƒ¼ãƒˆã®ä½œæˆã«ä¾¿åˆ©ã§ã™ã€‚æ•°å¼ã‚‚
                                                  ç°¡å˜ã«æŒ¿å…¥ã§ãã¾ã...
You may provide a definition with
\DeclareUnicodeCharacter 


! LaTeX Error: Unicode character ç°¡ (U+7C21)
               not set up for use with LaTeX.

See the LaTeX manual or LaTeX Companion for explanation.
Type  H <return>  for immediate help.
 ...                                              
                                                  
l.11 ...ãƒˆã®ä½œæˆã«ä¾¿åˆ©ã§ã™ã€‚æ•°å¼ã‚‚ç°¡
                                                  å˜ã«æŒ¿å…¥ã§ãã¾ã™ã€‚
You may provide a definition with
\DeclareUnicodeCharacter 


! LaTeX Error: Unicode character å˜ (U+5358)
               not set up for use with LaTeX.

See the LaTeX manual or LaTeX Companion for explanation.
Type  H <return>  for immediate help.
 ...                                              
                                                  
l.11 ...ã®ä½œæˆã«ä¾¿åˆ©ã§ã™ã€‚æ•°å¼ã‚‚ç°¡å˜
                                                  ã«æŒ¿å…¥ã§ãã¾ã™ã€‚
You may provide a definition with
\DeclareUnicodeCharacter 


! LaTeX Error: Unicode character ã« (U+306B)
               not set up for use with LaTeX.

See the LaTeX manual or LaTeX Companion for explanation.
Type  H <return>  for immediate help.
 ...                                              
                                                  
l.11 ...ä½œæˆã«ä¾¿åˆ©ã§ã™ã€‚æ•°å¼ã‚‚ç°¡å˜ã«
                                                  æŒ¿å…¥ã§ãã¾ã™ã€‚
You may provide a definition with
\DeclareUnicodeCharacter 


! LaTeX Error: Unicode character æŒ¿ (U+633F)
               not set up for use with LaTeX.

See the LaTeX manual or LaTeX Companion for explanation.
Type  H <return>  for immediate help.
 ...                                              
                                                  
l.11 ...æˆã«ä¾¿åˆ©ã§ã™ã€‚æ•°å¼ã‚‚ç°¡å˜ã«æŒ¿
                                                  å…¥ã§ãã¾ã™ã€‚
You may provide a definition with
\DeclareUnicodeCharacter 


! LaTeX Error: Unicode character å…¥ (U+5165)
               not set up for use with LaTeX.

See the LaTeX manual or LaTeX Companion for explanation.
Type  H <return>  for immediate help.
 ...                                              
                                                  
l.11 ...ã«ä¾¿åˆ©ã§ã™ã€‚æ•°å¼ã‚‚ç°¡å˜ã«æŒ¿å…¥
                                                  ã§ãã¾ã™ã€‚
You may provide a definition with
\DeclareUnicodeCharacter 


! LaTeX Error: Unicode character ã§ (U+3067)
               not set up for use with LaTeX.

See the LaTeX manual or LaTeX Companion for explanation.
Type  H <return>  for immediate help.
 ...                                              
                                                  
l.11 ...ä¾¿åˆ©ã§ã™ã€‚æ•°å¼ã‚‚ç°¡å˜ã«æŒ¿å…¥ã§
                                                  ãã¾ã™ã€‚
You may provide a definition with
\DeclareUnicodeCharacter 


! LaTeX Error: Unicode character ã (U+304D)
               not set up for use with LaTeX.

See the LaTeX manual or LaTeX Companion for explanation.
Type  H <return>  for immediate help.
 ...                                              
                                                  
l.11 ...åˆ©ã§ã™ã€‚æ•°å¼ã‚‚ç°¡å˜ã«æŒ¿å…¥ã§ã
                                                  ã¾ã™ã€‚
You may provide a definition with
\DeclareUnicodeCharacter 


! LaTeX Error: Unicode character ã¾ (U+307E)
               not set up for use with LaTeX.

See the LaTeX manual or LaTeX Companion for explanation.
Type  H <return>  for immediate help.
 ...                                              
                                                  
l.11 ...ã§ã™ã€‚æ•°å¼ã‚‚ç°¡å˜ã«æŒ¿å…¥ã§ãã¾
                                                  ã™ã€‚
You may provide a definition with
\DeclareUnicodeCharacter 


! LaTeX Error: Unicode character ã™ (U+3059)
               not set up for use with LaTeX.

See the LaTeX manual or LaTeX Companion for explanation.
Type  H <return>  for immediate help.
 ...                                              
                                                  
l.11 ...ã™ã€‚æ•°å¼ã‚‚ç°¡å˜ã«æŒ¿å…¥ã§ãã¾ã™
                                                  ã€‚
You may provide a definition with
\DeclareUnicodeCharacter 


! LaTeX Error: Unicode character ã€‚ (U+3002)
               not set up for use with LaTeX.

See the LaTeX manual or LaTeX Companion for explanation.
Type  H <return>  for immediate help.
 ...                                              
                                                  
l.11 ...ã€‚æ•°å¼ã‚‚ç°¡å˜ã«æŒ¿å…¥ã§ãã¾ã™ã€‚
                                                  
You may provide a definition with
\DeclareUnicodeCharacter 


! LaTeX Error: Unicode character æ•° (U+6570)
               not set up for use with LaTeX.

See the LaTeX manual or LaTeX Companion for explanation.
Type  H <return>  for immediate help.
 ...                                              
                                                  
l.12 \subsection{æ•°å¼ã®ä¾‹}
                              
You may provide a definition with
\DeclareUnicodeCharacter 


! LaTeX Error: Unicode character å¼ (U+5F0F)
               not set up for use with LaTeX.

See the LaTeX manual or LaTeX Companion for explanation.
Type  H <return>  for immediate help.
 ...                                              
                                                  
l.12 \subsection{æ•°å¼ã®ä¾‹}
                              
You may provide a definition with
\DeclareUnicodeCharacter 


! LaTeX Error: Unicode character ã® (U+306E)
               not set up for use with LaTeX.

See the LaTeX manual or LaTeX Companion for explanation.
Type  H <return>  for immediate help.
 ...                                              
                                                  
l.12 \subsection{æ•°å¼ã®ä¾‹}
                              
You may provide a definition with
\DeclareUnicodeCharacter 


! LaTeX Error: Unicode character ä¾‹ (U+4F8B)
               not set up for use with LaTeX.

See the LaTeX manual or LaTeX Companion for explanation.
Type  H <return>  for immediate help.
 ...                                              
                                                  
l.12 \subsection{æ•°å¼ã®ä¾‹}
                              
You may provide a definition with
\DeclareUnicodeCharacter 


! LaTeX Error: Unicode character ä»¥ (U+4EE5)
               not set up for use with LaTeX.

See the LaTeX manual or LaTeX Companion for explanation.
Type  H <return>  for immediate help.
 ...                                              
                                                  
l.13 ä»¥
        ä¸‹ã¯äºŒæ¬¡æ–¹ç¨‹å¼ã®è§£ã®å…¬å¼ã§ã™ã€‚
You may provide a definition with
\DeclareUnicodeCharacter 


! LaTeX Error: Unicode character ä¸‹ (U+4E0B)
               not set up for use with LaTeX.

See the LaTeX manual or LaTeX Companion for explanation.
Type  H <return>  for immediate help.
 ...                                              
                                                  
l.13 ä»¥ä¸‹
           ã¯äºŒæ¬¡æ–¹ç¨‹å¼ã®è§£ã®å…¬å¼ã§ã™ã€‚
You may provide a definition with
\DeclareUnicodeCharacter 


! LaTeX Error: Unicode character ã¯ (U+306F)
               not set up for use with LaTeX.

See the LaTeX manual or LaTeX Companion for explanation.
Type  H <return>  for immediate help.
 ...                                              
                                                  
l.13 ä»¥ä¸‹ã¯
              äºŒæ¬¡æ–¹ç¨‹å¼ã®è§£ã®å…¬å¼ã§ã™ã€‚
You may provide a definition with
\DeclareUnicodeCharacter 


! LaTeX Error: Unicode character äºŒ (U+4E8C)
               not set up for use with LaTeX.

See the LaTeX manual or LaTeX Companion for explanation.
Type  H <return>  for immediate help.
 ...                                              
                                                  
l.13 ä»¥ä¸‹ã¯äºŒ
                 æ¬¡æ–¹ç¨‹å¼ã®è§£ã®å…¬å¼ã§ã™ã€‚
You may provide a definition with
\DeclareUnicodeCharacter 


! LaTeX Error: Unicode character æ¬¡ (U+6B21)
               not set up for use with LaTeX.

See the LaTeX manual or LaTeX Companion for explanation.
Type  H <return>  for immediate help.
 ...                                              
                                                  
l.13 ä»¥ä¸‹ã¯äºŒæ¬¡
                    æ–¹ç¨‹å¼ã®è§£ã®å…¬å¼ã§ã™ã€‚
You may provide a definition with
\DeclareUnicodeCharacter 


! LaTeX Error: Unicode character æ–¹ (U+65B9)
               not set up for use with LaTeX.

See the LaTeX manual or LaTeX Companion for explanation.
Type  H <return>  for immediate help.
 ...                                              
                                                  
l.13 ä»¥ä¸‹ã¯äºŒæ¬¡æ–¹
                       ç¨‹å¼ã®è§£ã®å…¬å¼ã§ã™ã€‚
You may provide a definition with
\DeclareUnicodeCharacter 


! LaTeX Error: Unicode character ç¨‹ (U+7A0B)
               not set up for use with LaTeX.

See the LaTeX manual or LaTeX Companion for explanation.
Type  H <return>  for immediate help.
 ...                                              
                                                  
l.13 ä»¥ä¸‹ã¯äºŒæ¬¡æ–¹ç¨‹
                          å¼ã®è§£ã®å…¬å¼ã§ã™ã€‚
You may provide a definition with
\DeclareUnicodeCharacter 


! LaTeX Error: Unicode character å¼ (U+5F0F)
               not set up for use with LaTeX.

See the LaTeX manual or LaTeX Companion for explanation.
Type  H <return>  for immediate help.
 ...                                              
                                                  
l.13 ä»¥ä¸‹ã¯äºŒæ¬¡æ–¹ç¨‹å¼
                             ã®è§£ã®å…¬å¼ã§ã™ã€‚
You may provide a definition with
\DeclareUnicodeCharacter 


! LaTeX Error: Unicode character ã® (U+306E)
               not set up for use with LaTeX.

See the LaTeX manual or LaTeX Companion for explanation.
Type  H <return>  for immediate help.
 ...                                              
                                                  
l.13 ä»¥ä¸‹ã¯äºŒæ¬¡æ–¹ç¨‹å¼ã®
                                è§£ã®å…¬å¼ã§ã™ã€‚
You may provide a definition with
\DeclareUnicodeCharacter 


! LaTeX Error: Unicode character è§£ (U+89E3)
               not set up for use with LaTeX.

See the LaTeX manual or LaTeX Companion for explanation.
Type  H <return>  for immediate help.
 ...                                              
                                                  
l.13 ä»¥ä¸‹ã¯äºŒæ¬¡æ–¹ç¨‹å¼ã®è§£
                                   ã®å…¬å¼ã§ã™ã€‚
You may provide a definition with
\DeclareUnicodeCharacter 


! LaTeX Error: Unicode character ã® (U+306E)
               not set up for use with LaTeX.

See the LaTeX manual or LaTeX Companion for explanation.
Type  H <return>  for immediate help.
 ...                                              
                                                  
l.13 ä»¥ä¸‹ã¯äºŒæ¬¡æ–¹ç¨‹å¼ã®è§£ã®
                                      å…¬å¼ã§ã™ã€‚
You may provide a definition with
\DeclareUnicodeCharacter 


! LaTeX Error: Unicode character å…¬ (U+516C)
               not set up for use with LaTeX.

See the LaTeX manual or LaTeX Companion for explanation.
Type  H <return>  for immediate help.
 ...                                              
                                                  
l.13 ä»¥ä¸‹ã¯äºŒæ¬¡æ–¹ç¨‹å¼ã®è§£ã®å…¬
                                         å¼ã§ã™ã€‚
You may provide a definition with
\DeclareUnicodeCharacter 


! LaTeX Error: Unicode character å¼ (U+5F0F)
               not set up for use with LaTeX.

See the LaTeX manual or LaTeX Companion for explanation.
Type  H <return>  for immediate help.
 ...                                              
                                                  
l.13 ä»¥ä¸‹ã¯äºŒæ¬¡æ–¹ç¨‹å¼ã®è§£ã®å…¬å¼
                                            ã§ã™ã€‚
You may provide a definition with
\DeclareUnicodeCharacter 


! LaTeX Error: Unicode character ã§ (U+3067)
               not set up for use with LaTeX.

See the LaTeX manual or LaTeX Companion for explanation.
Type  H <return>  for immediate help.
 ...                                              
                                                  
l.13 ä»¥ä¸‹ã¯äºŒæ¬¡æ–¹ç¨‹å¼ã®è§£ã®å…¬å¼ã§
                                               ã™ã€‚
You may provide a definition with
\DeclareUnicodeCharacter 


! LaTeX Error: Unicode character ã™ (U+3059)
               not set up for use with LaTeX.

See the LaTeX manual or LaTeX Companion for explanation.
Type  H <return>  for immediate help.
 ...                                              
                                                  
l.13 ä»¥ä¸‹ã¯äºŒæ¬¡æ–¹ç¨‹å¼ã®è§£ã®å…¬å¼ã§ã™
                                                  ã€‚
You may provide a definition with
\DeclareUnicodeCharacter 


! LaTeX Error: Unicode character ã€‚ (U+3002)
               not set up for use with LaTeX.

See the LaTeX manual or LaTeX Companion for explanation.
Type  H <return>  for immediate help.
 ...                                              
                                                  
l.13 ...ã¯äºŒæ¬¡æ–¹ç¨‹å¼ã®è§£ã®å…¬å¼ã§ã™ã€‚
                                                  
You may provide a definition with
\DeclareUnicodeCharacter 



[1

] (out/sample.aux)
 ***********
LaTeX2e <2024-06-01>
L3 programming layer <2024-05-27>
 ***********
 ) 
Here is how much of TeX's memory you used:
 555 strings out of 475518
 9855 string characters out of 5777263
 1928891 words of memory out of 5000000
 23254 multiletter control sequences out of 15000+600000
 562016 words of font info for 49 fonts, out of 8000000 for 9000
 36 hyphenation exceptions out of 8191
 35i,6n,50p,169b,210s stack positions out of 10000i,1000n,20000p,200000b,200000s

Output written on out/sample.dvi (1 page, 772 bytes).
